
--------------------------------------------------------------------------------
--- Execution context
--------------------------------------------------------------------------------

[4mCPU:[0m
	Processor:                   
	Threads per cores:           
	Threads cores per sockets:   
	Threads sockets:             
[4mGPUs:[0m
	NONE
[4mCUDA:[0m
	CUDA version:                Not installed
[4mPython:[0m
	Python version:              3.12.12
	Pip version:                 25.0.1
[4mPython3 main libraries:[0m
	Tensorflow version:          [33mNot installed[0m
	TensorRT version:            [33mNot installed[0m
	Torch version:               [33mNot installed[0m
[4mSbatch job:[0m
	             Host : servlgi2atech3epoly
	              PID : 330951
	     Base dir (.) : /home/users/taieb/essaie
	              Job : 71

--------------------------------------------------------------------------------
--- Start of the job tasks
--------------------------------------------------------------------------------

32 fichiers trouvés.

🔄 Conversion de : inst_9_2_7.txt
the instances numbers: 9

 === Résolution exacte pour l'instance 9 ===
N,H,Q,D,K,C_E,L,P,G,R,C_d: (9, 7, 13, 2, 15, 0.5, [1, 5, 3, 10, 4, 3, 1, 5, 5], [2, 11, 19, 29, 41, 44, 47, 59, 72], [[0, 1, 0, 0, 1, 0, 1, 0, 1], [1, 0, 1, 1, 0, 1, 0, 1, 0]], [3, 8, 13, 18, 23, 28, 33, 38, 43, 48, 53, 58, 63, 68, 73], [428, 397])
Set parameter Username
Set parameter LicenseID to value 2722419
Academic license - for non-commercial use only - expires 2026-10-15
Set parameter TimeLimit to value 1800
Gurobi Optimizer version 12.0.3 build v12.0.3rc0 (linux64 - "Ubuntu 24.04.3 LTS")

CPU model: AMD EPYC 9224 24-Core Processor, instruction set [SSE2|AVX|AVX2|AVX512]
Thread count: 48 physical cores, 96 logical processors, using up to 32 threads

Non-default parameters:
TimeLimit  1800

Optimize a model with 2680 rows, 450 columns and 8474 nonzeros
Model fingerprint: 0xd9b1bc3a
Variable types: 212 continuous, 238 integer (238 binary)
Coefficient statistics:
  Matrix range     [1e+00, 1e+03]
  Objective range  [2e-01, 2e+02]
  Bounds range     [1e+00, 1e+00]
  RHS range        [1e+00, 2e+03]
Presolve removed 1152 rows and 142 columns
Presolve time: 0.01s
Presolved: 1528 rows, 308 columns, 6034 nonzeros
Variable types: 14 continuous, 294 integer (231 binary)
Found heuristic solution: objective 1688.5000000
Found heuristic solution: objective 1644.0000000

Root relaxation: objective 6.110000e+02, 296 iterations, 0.01 seconds (0.01 work units)

    Nodes    |    Current Node    |     Objective Bounds      |     Work
 Expl Unexpl |  Obj  Depth IntInf | Incumbent    BestBd   Gap | It/Node Time

     0     0  611.00000    0   49 1644.00000  611.00000  62.8%     -    0s
H    0     0                    1472.5000000  611.00000  58.5%     -    0s
H    0     0                    1102.5000000  611.00000  44.6%     -    0s
H    0     0                    1025.0000000  611.00000  40.4%     -    0s
H    0     0                    1015.0000000  611.00000  39.8%     -    0s
     0     0  611.00000    0   41 1015.00000  611.00000  39.8%     -    0s
H    0     0                    1001.0000000  611.00000  39.0%     -    0s
     0     0  611.00000    0   41 1001.00000  611.00000  39.0%     -    0s
H    0     0                     996.0000000  633.52632  36.4%     -    0s
     0     0  633.52632    0   58  996.00000  633.52632  36.4%     -    0s
     0     0  718.00000    0   42  996.00000  718.00000  27.9%     -    0s
     0     0  718.00000    0   42  996.00000  718.00000  27.9%     -    0s
     0     0  718.00000    0   37  996.00000  718.00000  27.9%     -    0s
     0     0  718.00000    0   41  996.00000  718.00000  27.9%     -    0s
     0     0  718.00000    0   42  996.00000  718.00000  27.9%     -    0s
     0     0  718.00000    0   41  996.00000  718.00000  27.9%     -    0s
     0     0  718.00000    0   45  996.00000  718.00000  27.9%     -    0s
     0     0  718.00000    0   44  996.00000  718.00000  27.9%     -    0s
H    0     0                     993.5000000  718.00000  27.7%     -    0s
     0     0  718.00000    0   41  993.50000  718.00000  27.7%     -    0s
     0     0  718.00000    0   43  993.50000  718.00000  27.7%     -    0s
     0     0  718.00000    0   40  993.50000  718.00000  27.7%     -    0s
     0     0  718.00000    0   40  993.50000  718.00000  27.7%     -    0s
     0     2  718.00000    0   40  993.50000  718.00000  27.7%     -    0s
H   31    36                     989.5000000  826.50000  16.5%  53.7    0s
H 4088  2975                     988.5000000  834.15146  15.6%   7.8    0s
H 4132  2878                     987.0000000  834.15146  15.5%   8.2    0s
 58045 32688  979.73556   61   40  987.00000  879.82902  10.9%  12.0    5s
 132036 46309  967.23659   63   16  987.00000  947.00000  4.05%  10.0   10s
 252913 82419  958.82258   43   63  987.00000  957.12934  3.03%  10.1   15s
 372560 113961  979.68536   59   17  987.00000  964.50000  2.28%  10.1   20s
 482696 132427     cutoff   81       987.00000  969.88781  1.73%  10.2   25s
 590886 140350  985.68849   71   16  987.00000  973.50000  1.37%  10.2   30s
 704814 134641     cutoff   62       987.00000  976.50000  1.06%  10.2   35s
 814927 108341  980.83296   71   13  987.00000  979.43253  0.77%  10.1   40s
 925099 61275     cutoff   70       987.00000  982.00000  0.51%  10.1   45s

Cutting planes:
  Gomory: 74
  Lift-and-project: 1
  Cover: 12
  Implied bound: 27
  MIR: 94
  Mixing: 1
  StrongCG: 4
  Flow cover: 1417
  GUB cover: 2
  Inf proof: 1
  Zero half: 7
  RLT: 5

Explored 1016847 nodes (10206380 simplex iterations) in 49.08 seconds (90.17 work units)
Thread count was 32 (of 96 available processors)

Solution count 10: 987 988.5 989.5 ... 1472.5

Optimal solution found (tolerance 1.00e-04)
Best objective 9.870000000000e+02, best bound 9.870000000000e+02, gap 0.0000%
Instance 9 résolue : objectif = 987.00 | Temps = 49.085s

🔄 Conversion de : inst_30_7_20.txt
the instances numbers: 30

 === Résolution exacte pour l'instance 30 ===
N,H,Q,D,K,C_E,L,P,G,R,C_d: (30, 20, 13, 7, 15, 0.5, [5, 1, 4, 3, 10, 1, 5, 3, 5, 10, 2, 1, 3, 5, 4, 1, 4, 3, 4, 5, 3, 5, 10, 1, 10, 3, 3, 5, 2, 3], [6, 7, 11, 14, 26, 27, 36, 39, 44, 56, 58, 59, 64, 69, 73, 2, 6, 9, 14, 21, 24, 29, 41, 44, 56, 59, 64, 69, 71, 74], [[1, 0, 0, 0, 0, 0, 0, 0, 0, 0, 1, 0, 0, 0, 0, 0, 0, 0, 0, 0, 1, 0, 0, 0, 0, 0, 0, 0, 0, 0], [0, 0, 0, 1, 0, 0, 0, 0, 1, 0, 0, 0, 0, 0, 0, 1, 0, 0, 0, 0, 0, 1, 0, 0, 0, 1, 0, 0, 0, 1], [0, 1, 0, 0, 0, 0, 0, 0, 0, 0, 0, 0, 0, 1, 0, 0, 0, 0, 0, 0, 0, 0, 0, 0, 0, 0, 0, 0, 0, 0], [0, 0, 1, 0, 0, 0, 1, 0, 0, 1, 0, 0, 0, 0, 0, 0, 1, 0, 0, 0, 0, 0, 1, 0, 0, 0, 0, 1, 0, 0], [0, 0, 0, 0, 0, 1, 0, 0, 0, 0, 0, 0, 1, 0, 0, 0, 0, 0, 0, 1, 0, 0, 0, 0, 1, 0, 0, 0, 1, 0], [0, 0, 0, 0, 0, 0, 0, 1, 0, 0, 0, 0, 0, 0, 1, 0, 0, 1, 0, 0, 0, 0, 0, 1, 0, 0, 0, 0, 0, 0], [0, 0, 0, 0, 1, 0, 0, 0, 0, 0, 0, 1, 0, 0, 0, 0, 0, 0, 1, 0, 0, 0, 0, 0, 0, 0, 1, 0, 0, 0]], [3, 8, 13, 18, 23, 28, 33, 38, 43, 48, 53, 58, 63, 68, 73], [377, 240, 433, 298, 601, 551, 423])
Set parameter TimeLimit to value 1800
Gurobi Optimizer version 12.0.3 build v12.0.3rc0 (linux64 - "Ubuntu 24.04.3 LTS")

CPU model: AMD EPYC 9224 24-Core Processor, instruction set [SSE2|AVX|AVX2|AVX512]
Thread count: 48 physical cores, 96 logical processors, using up to 32 threads

Non-default parameters:
TimeLimit  1800

Optimize a model with 38730 rows, 2550 columns and 104820 nonzeros
Model fingerprint: 0x937e5f3d
Variable types: 1090 continuous, 1460 integer (1460 binary)
Coefficient statistics:
  Matrix range     [1e+00, 1e+03]
  Objective range  [2e-01, 3e+02]
  Bounds range     [1e+00, 1e+00]
  RHS range        [1e+00, 2e+03]
Presolve removed 24708 rows and 470 columns
Presolve time: 0.19s
Presolved: 14022 rows, 2080 columns, 63173 nonzeros
Variable types: 40 continuous, 2040 integer (1440 binary)
Found heuristic solution: objective 4774.0000000
Root relaxation presolved: 14022 rows, 2080 columns, 63173 nonzeros


Root relaxation: objective 2.271500e+03, 32829 iterations, 2.93 seconds (4.92 work units)

    Nodes    |    Current Node    |     Objective Bounds      |     Work
 Expl Unexpl |  Obj  Depth IntInf | Incumbent    BestBd   Gap | It/Node Time

     0     0 2271.50000    0  162 4774.00000 2271.50000  52.4%     -    3s
H    0     0                    4294.5000000 2271.50000  47.1%     -    3s
H    0     0                    4036.5000000 2271.50000  43.7%     -    3s
H    0     0                    3916.5000000 2271.50000  42.0%     -    3s
H    0     0                    3905.5000000 2271.50000  41.8%     -    3s
     0     0 2271.50000    0  171 3905.50000 2271.50000  41.8%     -    3s
H    0     0                    3867.5000000 2271.50000  41.3%     -    3s
H    0     0                    3822.0000000 2271.50000  40.6%     -    3s
     0     0 2271.50000    0  169 3822.00000 2271.50000  40.6%     -    3s
H    0     0                    3525.0000000 2271.50000  35.6%     -    3s
H    0     0                    3438.0000000 2271.50000  33.9%     -    3s
H    0     0                    3422.5000000 2271.50000  33.6%     -    3s
H    0     0                    3401.5000000 2271.50000  33.2%     -    3s
H    0     0                    3333.0000000 2271.50000  31.8%     -    3s
     0     0 2271.50000    0  157 3333.00000 2271.50000  31.8%     -    3s
H    0     0                    3329.0000000 2271.50000  31.8%     -    3s
     0     0 2271.50000    0  156 3329.00000 2271.50000  31.8%     -    4s
     0     0 2271.50000    0  165 3329.00000 2271.50000  31.8%     -    4s
H    0     0                    3324.5000000 2271.50000  31.7%     -    4s
     0     0 2271.50000    0  156 3324.50000 2271.50000  31.7%     -    4s
     0     0 2271.50000    0  191 3324.50000 2271.50000  31.7%     -    4s
     0     0 2271.50000    0  152 3324.50000 2271.50000  31.7%     -    5s
H    0     0                    3318.0000000 2271.50000  31.5%     -    5s
     0     0 2271.50000    0  162 3318.00000 2271.50000  31.5%     -    5s
H    0     0                    3198.0000000 2271.50000  29.0%     -    5s
     0     0 2271.50000    0  157 3198.00000 2271.50000  29.0%     -    5s
H    0     0                    3178.5000000 2296.00000  27.8%     -    5s
     0     0 2296.00000    0  163 3178.50000 2296.00000  27.8%     -    5s
H    0     0                    3163.5000000 2296.00000  27.4%     -    6s
H    0     0                    3160.5000000 2296.00000  27.4%     -    6s
H    0     0                    3155.5000000 2296.00000  27.2%     -    6s
H    0     0                    3152.5000000 2296.00000  27.2%     -    6s
H    0     0                    3150.0000000 2296.00000  27.1%     -    6s
H    0     0                    3132.0000000 2296.00000  26.7%     -    6s
H    0     0                    3131.0000000 2296.00000  26.7%     -    6s
H    0     0                    3129.0000000 2296.00000  26.6%     -    6s
H    0     0                    3128.5000000 2296.00000  26.6%     -    6s
     0     0 2296.00000    0  160 3128.50000 2296.00000  26.6%     -    6s
     0     0 2327.50000    0  147 3128.50000 2327.50000  25.6%     -    6s
     0     0 2327.50000    0  142 3128.50000 2327.50000  25.6%     -    6s
H    0     0                    3123.0000000 2327.50000  25.5%     -    6s
H    0     0                    3122.5000000 2327.50000  25.5%     -    6s
     0     0 2327.50000    0  166 3122.50000 2327.50000  25.5%     -    6s
H    0     0                    3116.5000000 2327.50000  25.3%     -    6s
     0     0 2327.50000    0  152 3116.50000 2327.50000  25.3%     -    6s
     0     0 2327.50000    0  169 3116.50000 2327.50000  25.3%     -    7s
     0     0 2327.50000    0  162 3116.50000 2327.50000  25.3%     -    7s
H    0     0                    3115.0000000 2327.50000  25.3%     -    8s
H    0     0                    3114.5000000 2327.50000  25.3%     -    8s
H    0     0                    3112.5000000 2327.50000  25.2%     -    8s
     0     0 2327.50000    0  179 3112.50000 2327.50000  25.2%     -    8s
     0     0 2327.50000    0  179 3112.50000 2327.50000  25.2%     -    8s
     0     2 2327.50000    0  179 3112.50000 2327.50000  25.2%     -   10s
H   46    64                    3110.5000000 2327.50000  25.2%   954   11s
H   95   164                    3109.0000000 2327.50000  25.1%   895   11s
H  110   164                    3108.5000000 2327.50000  25.1%   827   11s
   866  1043 2327.50000   15  147 3108.50000 2327.50000  25.1%   427   15s
  1469  1475 2331.89103   19  141 3108.50000 2327.50000  25.1%   402   20s
  1861  1948 2377.16133   26  186 3108.50000 2327.50000  25.1%   401   25s
  5183  5442 2501.73223   99  168 3108.50000 2327.50000  25.1%   243   30s
 11435 10734 2414.45974   44  179 3108.50000 2327.50000  25.1%   167   37s
 11437 10735 2572.28930  117  174 3108.50000 2327.50000  25.1%   167   41s
 11442 10739 2629.73783   43  243 3108.50000 2327.50000  25.1%   167   45s
 11448 10743 2762.92912  168  192 3108.50000 2327.50000  25.1%   167   51s
 11451 10745 2334.66243    9  196 3108.50000 2327.50000  25.1%   167   55s
 11456 10748 2920.43957   85  217 3108.50000 2354.57692  24.3%   167   60s
 11461 10751 2419.58335   55  205 3108.50000 2354.57692  24.3%   167   65s
 11468 10757 2840.05673  190  198 3108.50000 2354.57692  24.3%   179   71s
 11472 10760 3015.69489  205  194 3108.50000 2354.57692  24.3%   179   75s
 11479 10764 2492.22437   70  191 3108.50000 2354.57692  24.3%   179   80s
 11485 10768 2354.57692    9  213 3108.50000 2354.57692  24.3%   178   85s
 11491 10772 2654.53281  201  225 3108.50000 2354.57692  24.3%   178   90s
 11586 10869 2354.57692   35  219 3108.50000 2354.57692  24.3%   199   95s
 12251 11312 2354.57692   40  194 3108.50000 2354.57692  24.3%   208  100s
 12625 11590 2384.59402   44  232 3108.50000 2354.57692  24.3%   210  105s
 13071 11859 2354.57692   49  191 3108.50000 2354.57692  24.3%   213  110s
 14705 13189 2354.57692   53  231 3108.50000 2354.57692  24.3%   212  115s
 16930 14415 2373.53403   60  184 3108.50000 2354.57692  24.3%   212  120s
 19477 16086 2355.54560   66  259 3108.50000 2354.57692  24.3%   211  125s
 22408 18010 2379.04524   72  228 3108.50000 2354.57692  24.3%   206  131s
 25739 20363 2358.83875   79  239 3108.50000 2354.57692  24.3%   200  135s
 29456 22004 2363.09578   88  190 3108.50000 2354.57692  24.3%   196  140s
 33372 25123 2413.08177  112  206 3108.50000 2354.57692  24.3%   204  146s
 37777 27658 2381.98048  135  191 3108.50000 2354.57692  24.3%   201  150s
 43231 30506 2390.97203  156  180 3108.50000 2354.57692  24.3%   196  156s
 47171 34006 2399.58480  209  168 3108.50000 2354.57692  24.3%   196  160s
 51297 36599 2458.47182  260  155 3108.50000 2354.57692  24.3%   199  166s
 51936 38009 2458.47182  261  156 3108.50000 2354.57692  24.3%   198  170s
 56244 43976 2931.93457  361  150 3108.50000 2354.57692  24.3%   199  175s
 59286 43977 2526.26923  148  179 3108.50000 2354.57692  24.3%   196  227s
 59288 43978 2639.26923  227  174 3108.50000 2354.57692  24.3%   196  230s
 59291 43980 3048.20977  361  174 3108.50000 2354.57692  24.3%   196  235s
 59303 43988 2729.40000  262  262 3108.50000 2375.43567  23.6%   196  240s
 59315 43996 2404.81788  118  241 3108.50000 2384.29849  23.3%   196  245s
 59329 44006 2814.42963  304  204 3108.50000 2388.55658  23.2%   196  250s
 59343 44015 2700.26923  220  183 3108.50000 2393.14458  23.0%   196  255s
 59355 44023 2571.99761  101  182 3108.50000 2394.29021  23.0%   196  260s
 59366 44030 2584.95100  208  232 3108.50000 2396.21036  22.9%   196  265s
 59389 44046 2641.50306  214  200 3108.50000 2400.88746  22.8%   196  270s
 59410 44060 3054.77711  327  203 3108.50000 2402.84775  22.7%   196  275s
 59431 44074 2746.78049  140  168 3108.50000 2407.81208  22.5%   196  280s
 59452 44088 2523.90860  202  206 3108.50000 2410.11985  22.5%   196  286s
 59465 44096 2411.35714  145  148 3108.50000 2411.35714  22.4%   196  290s
 59480 44106 2568.95525  208  160 3108.50000 2413.50000  22.4%   196  295s
 59496 44117 2676.09029  230  199 3108.50000 2414.61388  22.3%   196  300s
 59514 44129 2470.33077  131  167 3108.50000 2417.78982  22.2%   196  305s
 59527 44138 2903.08704  310  167 3108.50000 2419.18997  22.2%   196  310s
 59539 44146 2452.76923  262  164 3108.50000 2419.63955  22.2%   196  315s
 59553 44155 2730.70192  162  159 3108.50000 2419.84478  22.2%   196  320s
 59568 44165 2478.26923   89  173 3108.50000 2421.73759  22.1%   196  325s
 59580 44173 2568.95525  208  198 3108.50000 2422.73754  22.1%   196  330s
 59593 44182 2424.60668   64  181 3108.50000 2424.60668  22.0%   195  335s
 59603 44188 2729.40000  262  160 3108.50000 2426.00000  22.0%   195  341s
 59609 44192 2769.23628  293  134 3108.50000 2426.00000  22.0%   195  345s
 59617 44199 2524.00000  204  188 3108.50000 2426.00000  22.0%   199  350s
 59620 44201 2712.55481  282  172 3108.50000 2426.00000  22.0%   199  355s
 59630 44208 2426.00000   38  134 3108.50000 2426.00000  22.0%   199  360s
 59637 44212 2802.09765   88  153 3108.50000 2426.00000  22.0%   199  365s
 59738 44313 2426.00000   63  128 3108.50000 2426.00000  22.0%   200  370s
 61210 45301 2428.50000   83  150 3108.50000 2426.00000  22.0%   198  375s
 64469 47347 2428.50000  127  146 3108.50000 2426.00000  22.0%   193  380s
 69103 50642 2459.50000  191  145 3108.50000 2426.00000  22.0%   189  385s
 76191 55379 2482.91748  265  131 3108.50000 2426.00000  22.0%   182  390s
 83274 58429 2651.46235  312  146 3108.50000 2426.00000  22.0%   176  395s
 88175 62154 3005.31111  386  122 3108.50000 2426.00000  22.0%   172  401s
 94637 65831 2571.66667  106  157 3108.50000 2426.00000  22.0%   170  405s
 104005 71776 2452.00000  199  151 3108.50000 2426.00000  22.0%   166  410s
 111221 76139 2779.94133  298  137 3108.50000 2426.00000  22.0%   165  415s
 122724 81032 2667.92918  200  183 3108.50000 2426.00000  22.0%   161  420s
 132955 89172 2818.13651  223  188 3108.50000 2426.00000  22.0%   156  425s
 140273 91143 2691.06410  142  144 3108.50000 2426.00000  22.0%   157  430s
 143828 96729 2722.06410  145  158 3108.50000 2426.00000  22.0%   156  436s
 155642 101842 2581.30303  290  158 3108.50000 2426.00000  22.0%   153  441s
 166141 108462 2561.57680  252  177 3108.50000 2426.00000  22.0%   151  446s
 173463 112604 3036.75043  294  112 3108.50000 2426.00000  22.0%   150  451s
 184911 118509 2576.39966  163  134 3108.50000 2426.00000  22.0%   148  455s
 193289 124982 2511.22677  259  179 3108.50000 2426.00000  22.0%   146  460s
 206737 136375 2663.90284  188  147 3108.50000 2426.00000  22.0%   143  466s
 218481 144787 2505.54129  124  155 3108.50000 2426.00000  22.0%   141  470s
 225370 148676 2929.46414  238  200 3108.50000 2426.44841  21.9%   142  475s
 225787 150181 2513.46186  231  153 3108.50000 2426.44841  21.9%   142  480s
 231247 157977 2665.32162  219  164 3108.50000 2426.44841  21.9%   141  485s
 250509 174434 2465.25000  119  144 3108.50000 2427.28680  21.9%   137  491s
 260485 184067 2662.69045  187  177 3108.50000 2427.28680  21.9%   134  495s
 280650 201717 2771.55720  289  143 3108.50000 2427.50000  21.9%   130  500s
 292474 212296 2561.90671  153  141 3108.50000 2427.50000  21.9%   129  505s
 306734 225607 2550.16562  279  157 3108.50000 2427.80370  21.9%   127  510s
 319755 235998 2566.50283  158  136 3108.50000 2427.80370  21.9%   126  516s
 327710 244178 2571.61111  200  148 3108.50000 2427.80370  21.9%   127  520s
 342235 257700 2463.92445  179  154 3108.50000 2427.80370  21.9%   125  525s
 357385 271408 2627.47621  312  156 3108.50000 2427.80370  21.9%   123  530s
 373334 286287 2624.45103  281  151 3108.50000 2428.00000  21.9%   121  535s
 393007 304288 2459.00000  111  130 3108.50000 2428.00000  21.9%   119  541s
 396556 304348 2601.54377  139  143 3108.50000 2428.00000  21.9%   119  545s
 397560 308696 2588.54377  146  133 3108.50000 2428.00000  21.9%   119  551s
 406585 319368 2555.04377  187  140 3108.50000 2428.00000  21.9%   119  555s
 424588 332955 2475.45462  106  171 3108.50000 2428.00000  21.9%   117  560s
 434059 343242 2611.80343  209  132 3108.50000 2428.50000  21.9%   117  565s
 450967 357471 2494.82160  230  181 3108.50000 2428.67073  21.9%   116  571s
 462222 367760 2462.30324   73  142 3108.50000 2428.72661  21.9%   116  575s
 474151 380266 2575.01390  175  165 3108.50000 2428.74621  21.9%   115  580s
 486894 391125 2554.11111  217  168 3108.50000 2428.80324  21.9%   116  586s
 496002 400429 3038.64010  257  136 3108.50000 2428.80324  21.9%   116  590s
 510071 411179 2538.13641  211  164 3108.50000 2428.92953  21.9%   116  596s
 514466 418052 2695.88131  118  175 3108.50000 2428.95673  21.9%   116  600s
 531445 431013 2528.00000  135  167 3108.50000 2429.00000  21.9%   115  606s
 538974 438184 2650.04598  311  173 3108.50000 2429.00000  21.9%   115  610s
 549545 448374 3035.93787  382  107 3108.50000 2429.00000  21.9%   116  616s
 562237 459371 2689.50055  163  194 3108.50000 2429.00000  21.9%   116  621s
 573386 472756 2531.82823  199  135 3108.50000 2429.13682  21.9%   116  626s
 588936 484751 2472.13727  188  192 3108.50000 2429.16667  21.9%   115  630s
 595999 487679 2584.61695  206  160 3108.50000 2429.30370  21.8%   114  635s
 598399 492907 2985.86052  303  201 3108.50000 2429.30370  21.8%   114  640s
 613308 505292 2580.70000  113  171 3108.50000 2429.30370  21.8%   113  645s
 626154 516937 2963.51786  351  192 3108.50000 2429.30370  21.8%   113  650s
 633360 523592 2846.76232  115  203 3108.50000 2429.39302  21.8%   114  655s
 641971 532299 2505.89302  113  163 3108.50000 2429.50000  21.8%   115  660s
 654743 545486 2503.37388  107  159 3108.50000 2429.50000  21.8%   114  665s
 673096 559498 2623.27413  166  179 3108.50000 2429.50000  21.8%   113  670s
 684771 572930 2588.88380  290  179 3108.50000 2429.71812  21.8%   113  675s
 704127 589228 2449.69178  229  172 3108.50000 2429.91852  21.8%   111  680s
 715583 601219 2693.64578  122  188 3108.50000 2430.00000  21.8%   111  685s
 727761 611761 2499.53187  109  150 3108.50000 2430.00000  21.8%   110  690s
 747848 628771 2533.73637  150  166 3108.50000 2430.09004  21.8%   109  695s
 758288 639073 2802.73068  284  147 3108.50000 2430.09004  21.8%   110  700s
 767172 648095 2567.47498   93  186 3108.50000 2430.42329  21.8%   110  705s
 770799 648149 2449.94780   93  184 3108.50000 2430.42329  21.8%   110  712s
 770868 648614 2502.82280   95  185 3108.50000 2430.42329  21.8%   110  716s
 773956 654091     cutoff  117      3108.50000 2430.42329  21.8%   110  720s
 784567 665117 2508.50000  157  163 3108.50000 2430.44841  21.8%   110  726s
 797840 673816     cutoff  225      3108.50000 2430.44841  21.8%   109  731s
 808165 684702 2755.64572  237  242 3108.50000 2430.60370  21.8%   109  735s
 823851 700007 2745.17226  305  188 3108.50000 2430.60370  21.8%   108  740s
 843015 714114 2431.52279   81  158 3108.50000 2430.80324  21.8%   108  745s
 854596 729027 2450.94808  116  184 3108.50000 2431.00000  21.8%   107  750s
 867739 736764 2543.77974  251  171 3108.50000 2431.11651  21.8%   107  755s
 877531 746818 2789.19975  237  165 3108.50000 2431.11651  21.8%   107  760s
 892897 761556 2683.11054  278  166 3108.50000 2431.19797  21.8%   106  765s
 903959 771351     cutoff  139      3108.50000 2431.19797  21.8%   106  771s
 916211 781922 2918.22367  329  216 3108.50000 2431.30324  21.8%   106  775s
 932168 798536 2444.26644  105  184 3108.50000 2431.37412  21.8%   105  781s
 945800 810249 2527.04999  187  204 3108.50000 2431.38649  21.8%   105  785s
 965106 826064 2505.89302  193  156 3108.50000 2431.38649  21.8%   104  790s
 973754 835042 2506.34022  271  192 3108.50000 2431.43059  21.8%   104  795s
 987446 848122 2501.73021  100  170 3108.50000 2431.43059  21.8%   104  800s
 1000226 859758 2549.00000  144  120 3108.50000 2431.43059  21.8%   104  805s
 1012935 871774 2694.80245  314  186 3108.50000 2431.43059  21.8%   104  810s
 1021959 882006 2814.63483  181  191 3108.50000 2431.43059  21.8%   104  815s
 1033852 892767 2995.79870  208  194 3108.50000 2431.47397  21.8%   104  821s
 1050707 904301 2548.91110  278  202 3108.50000 2431.54927  21.8%   103  828s
 1050739 904333 2549.20030  279  201 3108.50000 2431.54927  21.8%   103  833s
 1050803 904397 2577.20991  281  197 3108.50000 2431.54927  21.8%   103  835s
 1050959 905490 2730.55005  321  224 3108.50000 2431.54927  21.8%   103  840s
 1057917 913706 2589.80357  224  153 3108.50000 2431.57791  21.8%   103  846s
 1066934 925052 2900.79109  324  165 3108.50000 2431.62746  21.8%   103  851s
 1078769 932354 2964.80710  247  103 3108.50000 2431.73491  21.8%   103  855s
 1090716 942223 2578.49152  271  156 3108.50000 2431.83818  21.8%   103  861s
 1097598 949121 2590.92947  170  133 3108.50000 2431.85304  21.8%   103  866s
 1102994 955012 2657.10512  289  197 3108.50000 2431.88703  21.8%   103  870s
 1112272 963100 2885.13839  220  165 3108.50000 2431.89302  21.8%   104  875s
 1124121 973795 2521.69274  217  183 3108.50000 2431.90512  21.8%   104  881s
 1130781 981767 2511.00000  157  161 3108.50000 2431.98313  21.8%   104  885s
 1135352 1002595 2687.76036  279  177 3108.50000 2431.98424  21.8%   104  895s
 1171261 1016470 2620.29191  274  147 3108.50000 2432.10606  21.8%   104  901s
 1185375 1028966 2642.87737  123  199 3108.50000 2432.15049  21.8%   103  905s
 1195534 1039880 2567.28055  247  154 3108.50000 2432.15874  21.8%   103  910s
 1211988 1051274 2576.67887  105  160 3108.50000 2432.29940  21.8%   103  916s
 1218669 1058876 2798.47237  135  184 3108.50000 2432.32469  21.8%   103  920s
 1238445 1075860 2918.12415  336  174 3108.50000 2432.41001  21.7%   102  925s
 1247299 1084128 2503.95914  177  196 3108.50000 2432.41935  21.7%   102  930s
 1257085 1093541 2570.41850  260  179 3108.50000 2432.41935  21.7%   102  935s
 1270280 1103908 2948.57458  181  158 3108.50000 2432.50000  21.7%   102  941s
 1280462 1113621 2609.66667  150  166 3108.50000 2432.50000  21.7%   102  945s
 1292776 1124570 2595.05640  275  122 3108.50000 2432.62123  21.7%   102  950s
 1305235 1137286 2857.85235  349  131 3108.50000 2432.70940  21.7%   102  955s
 1317173 1148630 2553.22636  115  170 3108.50000 2432.70940  21.7%   102  961s
 1329462 1159747 2905.82440  350  197 3108.50000 2432.70940  21.7%   101  965s
 1348830 1177440 2555.68864  132  141 3108.50000 2432.80970  21.7%   101  971s
 1358031 1186778 3049.95949  368  135 3108.50000 2432.80970  21.7%   101  976s
 1369854 1197606 2754.90154  149  221 3108.50000 2432.89302  21.7%   101  980s
 1391179 1216487 2675.22407  291  159 3108.50000 2433.00977  21.7%   100  985s
 1406380 1231372 2443.12184  177  172 3108.50000 2433.00977  21.7%   100  990s
 1424822 1246570 2647.65018  278  217 3108.50000 2433.03939  21.7%  99.4  995s
 1438514 1260195 2527.14239  280  199 3108.50000 2433.11740  21.7%  99.5 1001s
 1449680 1271153 2587.68473  277  147 3108.50000 2433.31690  21.7%  99.4 1005s
 1466442 1285795 2542.07560  224  136 3108.50000 2433.37832  21.7%  99.3 1010s
 1481624 1299386 2717.63275  185  167 3108.50000 2433.38714  21.7%  99.0 1015s
 1497729 1314640 2509.43006   90  207 3108.50000 2433.39302  21.7%  98.7 1020s
 1516702 1331842 2796.97231  295  208 3108.50000 2433.39302  21.7%  98.4 1025s
 1531253 1346179 2478.43076  179  209 3108.50000 2433.39302  21.7%  98.2 1030s
 1550608 1363612 2523.15903  229  210 3108.50000 2433.42964  21.7%  98.0 1035s
 1566858 1376835 2827.51023  200  156 3108.50000 2433.50000  21.7%  97.8 1041s
 1577605 1387306 2611.86371  162  175 3108.50000 2433.65049  21.7%  97.7 1045s
 1591341 1400138 2663.95455  258  141 3108.50000 2433.66897  21.7%  97.6 1050s
 1603114 1411622 2559.91043  180  173 3108.50000 2433.77720  21.7%  97.9 1056s
 1611272 1419845 2727.02755  303  209 3108.50000 2433.77720  21.7%  98.0 1060s
 1628330 1434407 2641.06241  286  168 3108.50000 2433.83740  21.7%  97.8 1065s
 1639108 1445203 2534.18489  161  218 3108.50000 2433.86871  21.7%  98.0 1070s
 1653288 1460782 2477.10787   79  163 3108.50000 2433.86871  21.7%  97.9 1075s
 1675425 1479354 2534.41927  232  186 3108.50000 2433.97605  21.7%  97.5 1080s
 1694137 1495955 2894.74003  250  259 3108.50000 2434.00000  21.7%  97.0 1085s
 1710836 1511599 2725.43540  131  200 3108.50000 2434.11626  21.7%  96.9 1090s
 1726867 1527044 2634.47395  202  212 3108.50000 2434.21425  21.7%  96.6 1095s
 1742907 1542139 2553.50000   90  149 3108.50000 2434.21425  21.7%  96.4 1100s
 1758811 1555202 2697.08031  137  189 3108.50000 2434.25765  21.7%  96.2 1105s
 1771423 1566131 2496.95643   81  200 3108.50000 2434.33333  21.7%  96.2 1110s
 1790575 1583679 2564.57794  164  207 3108.50000 2434.33333  21.7%  95.7 1115s
 1804646 1596174 2469.51799  112  190 3108.50000 2434.50000  21.7%  95.5 1120s
 1818439 1609397 2468.01064  100  202 3108.50000 2434.51321  21.7%  95.5 1125s
 1835535 1625471 2468.70607  202  199 3108.50000 2434.60565  21.7%  95.1 1130s
 1851135 1638456 2644.04609  129  237 3108.50000 2434.66667  21.7%  95.2 1136s
 1860762 1648275 2558.79836  259  181 3108.50000 2434.66667  21.7%  95.2 1140s
 1881325 1666075 2528.00000  107  178 3108.50000 2434.66667  21.7%  94.8 1145s
 1896615 1681900 2702.26317  152  176 3108.50000 2434.66667  21.7%  94.7 1150s
 1909676 1694218 2578.89758  274  163 3108.50000 2434.74219  21.7%  94.6 1155s
 1929620 1713773 2851.34932  145  178 3108.50000 2434.89682  21.7%  94.4 1161s
 1943279 1725619 2552.00000  109  161 3108.50000 2435.00000  21.7%  94.2 1165s
 1957387 1737956 2502.94581  103  195 3108.50000 2435.00000  21.7%  94.1 1170s
 1969942 1749970 2570.38199  144  166 3108.50000 2435.10976  21.7%  94.0 1175s
 1989223 1768026 2545.22749   94  181 3108.50000 2435.15049  21.7%  93.8 1181s
 2003257 1780011 2515.99777  129  170 3108.50000 2435.15049  21.7%  93.7 1185s
 2016341 1792339 2520.69065  186  183 3108.50000 2435.15068  21.7%  93.7 1190s
 2033200 1810170 2516.10787  134  172 3108.50000 2435.31648  21.7%  93.7 1195s
 2048533 1824345 2482.51795   98  173 3108.50000 2435.31648  21.7%  93.4 1200s
 2068023 1841200 2490.04585  132  217 3108.50000 2435.31648  21.7%  93.3 1205s
 2080778 1852095 2648.45710  280  222 3108.50000 2435.33514  21.7%  93.2 1210s
 2091993 1864186 2639.92047  270  201 3108.50000 2435.47700  21.7%  93.3 1216s
 2108965 1878118 2568.60507  117  155 3108.50000 2435.49428  21.7%  93.1 1220s
 2123231 1892102 2568.60590  161  168 3108.50000 2435.58622  21.6%  93.0 1225s
 2142659 1909595 2883.16528  273  188 3108.50000 2435.59562  21.6%  92.7 1231s
 2156928 1922636 2555.15000  204  170 3108.50000 2435.59562  21.6%  92.5 1235s
 2172874 1936344 2453.98377  199  180 3108.50000 2435.69813  21.6%  92.4 1240s
 2187187 1949642 2782.24050  321  215 3108.50000 2435.69813  21.6%  92.3 1245s
 2203924 1966146 2441.41306   89  174 3108.50000 2435.71186  21.6%  92.1 1250s
 2221018 1979080 2792.43198  234  152 3108.50000 2435.80501  21.6%  91.9 1255s
 2237888 1993859 2561.28899  139  154 3108.50000 2435.80501  21.6%  91.7 1260s
 2247593 2003609 2499.36845  158  153 3108.50000 2435.90657  21.6%  91.8 1265s
 2259185 2014763 3029.68750  176   77 3108.50000 2435.98398  21.6%  92.0 1271s
 2270813 2022579 2600.53566  126  168 3108.50000 2436.00952  21.6%  92.1 1275s
 2284555 2038555 2464.67078  112  199 3108.50000 2436.01544  21.6%  91.9 1280s
 2297517 2050013 2595.18095  188  160 3108.50000 2436.01544  21.6%  91.8 1285s
 2314657 2065498 2496.64345  143  195 3108.50000 2436.01544  21.6%  91.7 1290s
 2326680 2076562 2503.59194  108  174 3108.50000 2436.01544  21.6%  91.7 1295s
 2336789 2086208 2456.93912  127  184 3108.50000 2436.15024  21.6%  91.8 1300s
 2351391 2099361 2555.35032  127  191 3108.50000 2436.15049  21.6%  91.8 1306s
 2360584 2106409 2951.99831  299  211 3108.50000 2436.15049  21.6%  91.9 1310s
 2369543 2116564 2580.50406  269  187 3108.50000 2436.15049  21.6%  92.1 1316s
 2385204 2130517 2570.00000  170  153 3108.50000 2436.15049  21.6%  92.0 1320s
 2402691 2144903 2509.93588  116  227 3108.50000 2436.16593  21.6%  91.8 1325s
 2415186 2156900 2506.56931  132  172 3108.50000 2436.21362  21.6%  91.8 1330s
 2433884 2173458 2594.42944  140  153 3108.50000 2436.26640  21.6%  91.7 1335s
 2444836 2184881 2521.89230  249  190 3108.50000 2436.28630  21.6%  91.8 1341s
 2459037 2197256 2676.61005  208  182 3108.50000 2436.28630  21.6%  91.7 1345s
 2476665 2214380 2482.06642  115  182 3108.50000 2436.28968  21.6%  91.6 1350s
 2490154 2225626 2710.39218  163  145 3108.50000 2436.40470  21.6%  91.5 1355s
 2502139 2234843     cutoff  184      3108.50000 2436.40470  21.6%  91.5 1360s
 2512334 2245844 2587.64942  227  151 3108.50000 2436.53649  21.6%  91.7 1366s
 2522077 2254288 2550.22483   94  195 3108.50000 2436.59990  21.6%  91.8 1370s
 2532053 2264379 3034.19091  124  111 3108.50000 2436.63640  21.6%  92.0 1375s
 2548132 2279083 2499.68143   77  178 3108.50000 2436.63640  21.6%  91.9 1380s
 2563099 2290839 3075.62500  237  111 3108.50000 2436.63895  21.6%  91.8 1385s
 2575302 2302421 2534.92338  104  199 3108.50000 2436.64506  21.6%  91.8 1391s
 2584951 2314365 2811.29745  147  165 3108.50000 2436.64506  21.6%  91.9 1395s
 2600404 2326529 2524.58308  112  177 3108.50000 2436.67887  21.6%  91.7 1400s
 2612921 2336729 2626.03748  223  144 3108.50000 2436.72082  21.6%  91.8 1405s
 2622529 2348263 2529.53623  101  217 3108.50000 2436.73446  21.6%  91.8 1410s
 2638670 2360781 2558.44576  144  161 3108.50000 2436.73446  21.6%  91.7 1415s
 2656689 2377198 2512.75049   98  187 3108.50000 2436.89302  21.6%  91.6 1420s
 2670231 2389158 2902.64331  342  177 3108.50000 2436.93989  21.6%  91.5 1425s
 2686612 2404595 2461.80751  100  187 3108.50000 2436.97973  21.6%  91.4 1430s
 2705363 2420895 2512.00000  178  160 3108.50000 2436.97973  21.6%  91.3 1436s
 2718638 2433047 2585.16301  204  208 3108.50000 2436.97973  21.6%  91.2 1440s
 2731009 2444560 2564.82798  211  204 3108.50000 2436.97973  21.6%  91.2 1445s
 2744429 2458841 2533.52860  240  188 3108.50000 2436.97973  21.6%  91.3 1451s
 2755685 2467187 2744.03625  180  171 3108.50000 2437.21240  21.6%  91.3 1455s
 2766132 2477224 3098.50000  313   43 3108.50000 2437.21240  21.6%  91.3 1460s
 2775601 2485726 2940.13382  104  166 3108.50000 2437.21240  21.6%  91.5 1465s
 2784129 2495211 2595.87219  231  146 3108.50000 2437.24147  21.6%  91.6 1470s
 2798411 2507485 2656.04738  126  186 3108.50000 2437.37555  21.6%  91.7 1475s
 2810129 2517460 2487.14453  116  184 3108.50000 2437.38267  21.6%  91.9 1481s
 2818320 2525799 2601.09174  162  183 3108.50000 2437.44595  21.6%  92.1 1485s
 2827495 2534975 2577.96581  186  194 3108.50000 2437.44595  21.6%  92.1 1490s
 2841605 2545274 2610.12500  259  173 3108.50000 2437.47033  21.6%  92.1 1495s
 2850293 2554584 2552.09625  183  176 3108.50000 2437.47897  21.6%  92.2 1500s
 2870430 2571707 2798.96558  285  154 3108.50000 2437.48554  21.6%  91.9 1505s
 2884632 2584446 2536.94636  165  154 3108.50000 2437.51894  21.6%  91.9 1510s
 2898566 2599572 2588.63850  164  190 3108.50000 2437.57369  21.6%  91.9 1516s
 2915971 2614249 2535.95529  244  174 3108.50000 2437.65049  21.6%  91.7 1520s
 2931316 2628173 2584.77061  177  158 3108.50000 2437.65049  21.6%  91.6 1525s
 2940995 2636772 infeasible  379      3108.50000 2437.67230  21.6%  91.6 1530s
 2952235 2647095 2643.17518  267  165 3108.50000 2437.77273  21.6%  91.6 1535s
 2964559 2659450 2455.75835  103  191 3108.50000 2437.79410  21.6%  91.5 1540s
 2978716 2672191 2698.88173  311  160 3108.50000 2437.80482  21.6%  91.5 1546s
 2989193 2682084 3105.31151  105   26 3108.50000 2437.80482  21.6%  91.6 1550s
 3006622 2697343 2558.74874  177  169 3108.50000 2437.89892  21.6%  91.4 1556s
 3018905 2707464 2611.50000  144  161 3108.50000 2437.89892  21.6%  91.3 1560s
 3036507 2725303 2500.80408   75  226 3108.50000 2437.91046  21.6%  91.2 1565s
 3049282 2736666 2500.71275  128  178 3108.50000 2437.91046  21.6%  91.2 1570s
 3062433 2750315 2516.50000   87  172 3108.50000 2437.96847  21.6%  91.1 1575s
 3082087 2766137 2845.11996  301  172 3108.50000 2437.99303  21.6%  91.0 1580s
 3091023 2773606 2817.66140  127  194 3108.50000 2438.14937  21.6%  91.1 1585s
 3104732 2786538 2560.51329  131  206 3108.50000 2438.16741  21.6%  91.0 1590s
 3121991 2801434 2637.68887   90  220 3108.50000 2438.16741  21.6%  90.9 1595s
 3135118 2813486 2720.90140  194  168 3108.50000 2438.16741  21.6%  90.8 1600s
 3153030 2830401 2733.70934  182  248 3108.50000 2438.26904  21.6%  90.7 1606s
 3162383 2837719 2492.74224  226  204 3108.50000 2438.37380  21.6%  90.7 1610s
 3174048 2847408 2616.99047  236  212 3108.50000 2438.37380  21.6%  90.7 1616s
 3184317 2858403 2583.30366  221  157 3108.50000 2438.40626  21.6%  90.7 1621s
 3202765 2874608 2615.44226  266  138 3108.50000 2438.40626  21.6%  90.5 1625s
 3213735 2886253 2595.36552  236  162 3108.50000 2438.40626  21.6%  90.5 1630s
 3222197 2892888 2590.10714  152  152 3108.50000 2438.42824  21.6%  90.5 1635s
 3228200 2897213 2565.89747   88  189 3108.50000 2438.45435  21.6%  90.6 1641s
 3232392 2901765 2475.32143  151  193 3108.50000 2438.47750  21.6%  90.7 1646s
 3237831 2907605 2503.19231   85  161 3108.50000 2438.47750  21.6%  90.9 1651s
 3244461 2910727 2520.42108  195  170 3108.50000 2438.47750  21.6%  91.0 1662s
 3244494 2941004 2520.42108  196  176 3108.50000 2438.48482  21.6%  91.0 1693s
 3276494 2943992 2879.89888  334  221 3108.50000 2438.55928  21.6%  90.9 1695s
 3285150 2951500 2524.20071  261  196 3108.50000 2438.56546  21.6%  90.8 1700s
 3295332 2962560 2530.44576   91  170 3108.50000 2438.56546  21.6%  90.8 1705s
 3309793 2973970 2471.46764  107  183 3108.50000 2438.64089  21.5%  90.7 1711s
 3316695 2984792 3009.83058  251  225 3108.50000 2438.65001  21.5%  90.8 1715s
 3335353 2997092 2572.13092  167  206 3108.50000 2438.65001  21.5%  90.6 1721s
 3348447 3009514 2687.24970  135  194 3108.50000 2438.72749  21.5%  90.6 1725s
 3364187 3023345 2595.30465  161  183 3108.50000 2438.76310  21.5%  90.4 1730s
 3379893 3037810 2676.30410  163  199 3108.50000 2438.80117  21.5%  90.3 1735s
 3390550 3047969 2533.64939  151  181 3108.50000 2438.85854  21.5%  90.3 1740s
 3406414 3062289 2496.30370  188  152 3108.50000 2438.87380  21.5%  90.2 1745s
 3422668 3077595 2600.44573  301  166 3108.50000 2438.92901  21.5%  90.0 1750s
 3433490 3087752 2577.53377  128  177 3108.50000 2438.92901  21.5%  90.0 1755s
 3447264 3101319 2518.51464  195  146 3108.50000 2438.99256  21.5%  90.0 1760s
 3462251 3114836 2557.87463  179  170 3108.50000 2439.00000  21.5%  89.9 1765s
 3477762 3129920 2526.70749  102  253 3108.50000 2439.04255  21.5%  89.8 1770s
 3492020 3142575 2871.10271   92  193 3108.50000 2439.04255  21.5%  89.7 1775s
 3502840 3151599 2983.23896  374  142 3108.50000 2439.05990  21.5%  89.6 1780s
 3518218 3166735     cutoff  367      3108.50000 2439.15363  21.5%  89.5 1785s
 3530909 3176965 2533.62386  171  150 3108.50000 2439.15630  21.5%  89.4 1790s
 3542824 3188434 2599.69549  217  174 3108.50000 2439.15630  21.5%  89.5 1795s
 3551713 3195859 2948.21888  323  114 3108.50000 2439.15630  21.5%  89.6 1800s

Cutting planes:
  Gomory: 85
  Lift-and-project: 15
  Cover: 28
  Implied bound: 229
  MIR: 261
  StrongCG: 50
  Flow cover: 7026
  GUB cover: 9
  Inf proof: 1
  Zero half: 73
  RLT: 79
  Relax-and-lift: 23

Explored 3554363 nodes (318559884 simplex iterations) in 1800.04 seconds (4421.62 work units)
Thread count was 32 (of 96 available processors)

Solution count 10: 3108.5 3109 3110.5 ... 3128.5

Time limit reached
Best objective 3.108500000000e+03, best bound 2.439500000000e+03, gap 21.5216%
⚠️ Instance 30 stoppée par la limite de temps (1800.051s)

🔄 Conversion de : inst_8_1_5.txt
the instances numbers: 8

 === Résolution exacte pour l'instance 8 ===
N,H,Q,D,K,C_E,L,P,G,R,C_d: (8, 5, 13, 1, 15, 0.5, [10, 2, 3, 3, 2, 1, 5, 5], [11, 13, 23, 36, 43, 50, 55, 72], [[1, 1, 1, 1, 1, 1, 1, 1]], [3, 8, 13, 18, 23, 28, 33, 38, 43, 48, 53, 58, 63, 68, 73], [607])
Set parameter TimeLimit to value 1800
Gurobi Optimizer version 12.0.3 build v12.0.3rc0 (linux64 - "Ubuntu 24.04.3 LTS")

CPU model: AMD EPYC 9224 24-Core Processor, instruction set [SSE2|AVX|AVX2|AVX512]
Thread count: 48 physical cores, 96 logical processors, using up to 32 threads

Non-default parameters:
TimeLimit  1800

Optimize a model with 1583 rows, 320 columns and 4905 nonzeros
Model fingerprint: 0x88b29fbd
Variable types: 170 continuous, 150 integer (150 binary)
Coefficient statistics:
  Matrix range     [1e+00, 1e+03]
  Objective range  [2e-01, 3e+02]
  Bounds range     [1e+00, 1e+00]
  RHS range        [1e+00, 2e+03]
Presolve removed 745 rows and 130 columns
Presolve time: 0.01s
Presolved: 838 rows, 190 columns, 3375 nonzeros
Variable types: 10 continuous, 180 integer (140 binary)
Found heuristic solution: objective 1714.0000000

Root relaxation: objective 7.237308e+02, 123 iterations, 0.00 seconds (0.00 work units)

    Nodes    |    Current Node    |     Objective Bounds      |     Work
 Expl Unexpl |  Obj  Depth IntInf | Incumbent    BestBd   Gap | It/Node Time

     0     0  723.73077    0   32 1714.00000  723.73077  57.8%     -    0s
H    0     0                    1210.0000000  723.73077  40.2%     -    0s
H    0     0                    1128.0000000  723.73077  35.8%     -    0s
H    0     0                    1121.0000000  723.73077  35.4%     -    0s
H    0     0                    1113.5000000  723.73077  35.0%     -    0s
     0     0  723.73077    0   35 1113.50000  723.73077  35.0%     -    0s
H    0     0                    1110.5000000  723.73077  34.8%     -    0s
H    0     0                    1085.5000000  723.73077  33.3%     -    0s
H    0     0                    1073.0000000  723.73077  32.6%     -    0s
H    0     0                    1063.0000000  723.73077  31.9%     -    0s
H    0     0                    1058.5000000  728.14448  31.2%     -    0s
     0     0  728.14448    0   52 1058.50000  728.14448  31.2%     -    0s
H    0     0                    1044.0000000  910.50000  12.8%     -    0s
     0     0  910.50000    0   83 1044.00000  910.50000  12.8%     -    0s
H    0     0                    1039.5000000  910.50000  12.4%     -    0s
     0     0  910.50000    0   83 1039.50000  910.50000  12.4%     -    0s
H    0     0                    1037.0000000  910.50000  12.2%     -    0s
     0     0  910.50000    0   83 1037.00000  910.50000  12.2%     -    0s
     0     0  910.50000    0   64 1037.00000  910.50000  12.2%     -    0s
     0     0  910.50000    0   65 1037.00000  910.50000  12.2%     -    0s
     0     0  957.59375    0   21 1037.00000  957.59375  7.66%     -    0s
     0     0  957.63636    0   21 1037.00000  957.63636  7.65%     -    0s
     0     0  957.78148    0   59 1037.00000  957.78148  7.64%     -    0s
     0     0  957.81481    0   37 1037.00000  957.81481  7.64%     -    0s
H    0     0                    1036.5000000  957.81759  7.59%     -    0s
H    0     0                    1035.0000000  957.81759  7.46%     -    0s
     0     0  958.02606    0   47 1035.00000  958.02606  7.44%     -    0s
     0     0  958.08603    0   46 1035.00000  958.08603  7.43%     -    0s
     0     2  958.09883    0   46 1035.00000  958.09883  7.43%     -    0s
*   29    24               5    1032.0000000  958.65347  7.11%  20.8    0s
H   34    34                    1030.0000000  958.65347  6.93%  19.9    0s
H   34    34                    1027.5000000  958.65347  6.70%  19.9    0s

Cutting planes:
  Gomory: 4
  Cover: 7
  Implied bound: 9
  MIR: 28
  Inf proof: 6
  Zero half: 2
  Relax-and-lift: 1
  BQP: 1

Explored 13218 nodes (91520 simplex iterations) in 1.07 seconds (0.73 work units)
Thread count was 32 (of 96 available processors)

Solution count 10: 1027.5 1030 1032 ... 1063

Optimal solution found (tolerance 1.00e-04)
Best objective 1.027500000000e+03, best bound 1.027500000000e+03, gap 0.0000%
Instance 8 résolue : objectif = 1027.50 | Temps = 1.094s

🔄 Conversion de : inst_5_2_4.txt
the instances numbers: 5

 === Résolution exacte pour l'instance 5 ===
N,H,Q,D,K,C_E,L,P,G,R,C_d: (5, 4, 13, 2, 15, 0.5, [3, 10, 1, 4, 5], [10, 26, 29, 52, 73], [[1, 0, 0, 1, 0], [0, 1, 1, 0, 1]], [3, 8, 13, 18, 23, 28, 33, 38, 43, 48, 53, 58, 63, 68, 73], [349, 743])
Set parameter TimeLimit to value 1800
Gurobi Optimizer version 12.0.3 build v12.0.3rc0 (linux64 - "Ubuntu 24.04.3 LTS")

CPU model: AMD EPYC 9224 24-Core Processor, instruction set [SSE2|AVX|AVX2|AVX512]
Thread count: 48 physical cores, 96 logical processors, using up to 32 threads

Non-default parameters:
TimeLimit  1800

Optimize a model with 827 rows, 211 columns and 2554 nonzeros
Model fingerprint: 0x062789e9
Variable types: 103 continuous, 108 integer (108 binary)
Coefficient statistics:
  Matrix range     [1e+00, 1e+03]
  Objective range  [2e-01, 4e+02]
  Bounds range     [1e+00, 1e+00]
  RHS range        [1e+00, 2e+03]
Presolve removed 370 rows and 79 columns
Presolve time: 0.00s
Presolved: 457 rows, 132 columns, 1824 nonzeros
Variable types: 8 continuous, 124 integer (104 binary)
Found heuristic solution: objective 1248.5000000

Root relaxation: objective 9.175000e+02, 103 iterations, 0.00 seconds (0.00 work units)

    Nodes    |    Current Node    |     Objective Bounds      |     Work
 Expl Unexpl |  Obj  Depth IntInf | Incumbent    BestBd   Gap | It/Node Time

     0     0  917.50000    0   31 1248.50000  917.50000  26.5%     -    0s
H    0     0                    1044.0000000  917.50000  12.1%     -    0s
H    0     0                    1042.0000000  917.50000  11.9%     -    0s
     0     0  917.50000    0   23 1042.00000  917.50000  11.9%     -    0s
H    0     0                    1030.5000000  917.50000  11.0%     -    0s
H    0     0                    1011.5000000  925.93437  8.46%     -    0s
H    0     0                    1009.0000000  925.93437  8.23%     -    0s
     0     0  925.93437    0   51 1009.00000  925.93437  8.23%     -    0s
     0     0  968.89792    0   17 1009.00000  968.89792  3.97%     -    0s
     0     0 1007.00000    0    6 1009.00000 1007.00000  0.20%     -    0s

Explored 1 nodes (353 simplex iterations) in 0.04 seconds (0.02 work units)
Thread count was 32 (of 96 available processors)

Solution count 6: 1009 1011.5 1030.5 ... 1248.5

Optimal solution found (tolerance 1.00e-04)
Best objective 1.009000000000e+03, best bound 1.009000000000e+03, gap 0.0000%
Instance 5 résolue : objectif = 1009.00 | Temps = 0.046s

🔄 Conversion de : inst_12_3_7.txt
the instances numbers: 12

 === Résolution exacte pour l'instance 12 ===
N,H,Q,D,K,C_E,L,P,G,R,C_d: (12, 7, 13, 3, 15, 0.5, [2, 4, 3, 5, 4, 2, 10, 4, 5, 3, 3, 10], [3, 7, 14, 22, 26, 33, 44, 50, 56, 59, 64, 74], [[0, 0, 1, 0, 1, 0, 0, 1, 1, 0, 1, 0], [1, 0, 0, 1, 0, 1, 0, 0, 0, 1, 0, 0], [0, 1, 0, 0, 0, 0, 1, 0, 0, 0, 0, 1]], [3, 8, 13, 18, 23, 28, 33, 38, 43, 48, 53, 58, 63, 68, 73], [394, 688, 741])
Set parameter TimeLimit to value 1800
Gurobi Optimizer version 12.0.3 build v12.0.3rc0 (linux64 - "Ubuntu 24.04.3 LTS")

CPU model: AMD EPYC 9224 24-Core Processor, instruction set [SSE2|AVX|AVX2|AVX512]
Thread count: 48 physical cores, 96 logical processors, using up to 32 threads

Non-default parameters:
TimeLimit  1800

Optimize a model with 3655 rows, 544 columns and 10923 nonzeros
Model fingerprint: 0x77398ba4
Variable types: 278 continuous, 266 integer (266 binary)
Coefficient statistics:
  Matrix range     [1e+00, 1e+03]
  Objective range  [2e-01, 4e+02]
  Bounds range     [1e+00, 1e+00]
  RHS range        [1e+00, 2e+03]
Presolve removed 1774 rows and 194 columns
Presolve time: 0.02s
Presolved: 1881 rows, 350 columns, 7861 nonzeros
Variable types: 14 continuous, 336 integer (252 binary)
Found heuristic solution: objective 2550.5000000
Found heuristic solution: objective 2419.5000000

Root relaxation: objective 1.743423e+03, 560 iterations, 0.01 seconds (0.03 work units)

    Nodes    |    Current Node    |     Objective Bounds      |     Work
 Expl Unexpl |  Obj  Depth IntInf | Incumbent    BestBd   Gap | It/Node Time

     0     0 1743.42308    0   69 2419.50000 1743.42308  27.9%     -    0s
H    0     0                    2222.5000000 1743.42308  21.6%     -    0s
H    0     0                    2186.5000000 1743.42308  20.3%     -    0s
H    0     0                    2100.0000000 1743.42308  17.0%     -    0s
     0     0 1743.42308    0   61 2100.00000 1743.42308  17.0%     -    0s
     0     0 1743.42308    0   58 2100.00000 1743.42308  17.0%     -    0s
     0     0 1849.50000    0   48 2100.00000 1849.50000  11.9%     -    0s
H    0     0                    2097.0000000 1849.50000  11.8%     -    0s
     0     0 1849.50000    0   49 2097.00000 1849.50000  11.8%     -    0s
     0     0 1849.50000    0   50 2097.00000 1849.50000  11.8%     -    0s
H    0     0                    2089.0000000 1849.50000  11.5%     -    0s
H    0     0                    2079.0000000 1849.50000  11.0%     -    0s
H    0     0                    2076.0000000 1849.50000  10.9%     -    0s
     0     0 1849.50000    0   56 2076.00000 1849.50000  10.9%     -    0s
     0     0 1849.50000    0   55 2076.00000 1849.50000  10.9%     -    0s
H    0     0                    2064.0000000 1849.50000  10.4%     -    0s
     0     0 1849.50000    0   41 2064.00000 1849.50000  10.4%     -    0s
     0     0 1849.50000    0   50 2064.00000 1849.50000  10.4%     -    0s
     0     0 1849.50000    0   51 2064.00000 1849.50000  10.4%     -    0s
     0     0 1849.50000    0   51 2064.00000 1849.50000  10.4%     -    0s
     0     0 1849.50000    0   50 2064.00000 1849.50000  10.4%     -    0s
     0     0 1849.50000    0   50 2064.00000 1849.50000  10.4%     -    0s
     0     2 1849.50000    0   50 2064.00000 1849.50000  10.4%     -    0s
H   57    55                    2063.5000000 1849.50000  10.4%  48.9    0s
 58069 41181 1975.00000   73   50 2063.50000 1873.63658  9.20%   8.9    5s
 194787 99774 2049.29687  109   23 2063.50000 1894.21330  8.20%   9.1   10s
 425202 249545     cutoff   91      2063.50000 1908.50798  7.51%   9.2   15s
 635510 383215 1966.97136   56   71 2063.50000 1917.69374  7.07%   9.4   20s
 847127 515021 1977.27632   62   50 2063.50000 1923.29977  6.79%   9.5   25s
 1029441 629555 2031.34411   55   44 2063.50000 1927.25774  6.60%   9.4   30s
 1230995 754386 1989.46287   72   47 2063.50000 1930.67778  6.44%   9.5   35s
 1407221 860471     cutoff   80      2063.50000 1933.02863  6.32%   9.5   40s
 1587771 968100 1991.89544   59   54 2063.50000 1935.28872  6.21%   9.5   45s
 1768549 1074700 2004.71317   60   46 2063.50000 1937.29385  6.12%   9.5   50s
 1942815 1176525 2028.10820   71   54 2063.50000 1939.17190  6.03%   9.6   55s
 2113951 1271019 infeasible   95      2063.50000 1940.87397  5.94%   9.6   60s
 2276280 1366026 1946.51283   51   94 2063.50000 1942.42615  5.87%   9.6   65s
 2421433 1447041 1963.83912   71   76 2063.50000 1943.72355  5.80%   9.6   70s
 2589050 1541392 2026.00000   84   30 2063.50000 1945.20293  5.73%   9.7   75s
 2751449 1633685 2032.32740   77   51 2063.50000 1946.53008  5.67%   9.7   80s
 2911871 1725302 1988.45344   73   50 2063.50000 1947.75964  5.61%   9.7   85s
 3074163 1813728 1971.01036   60   70 2063.50000 1949.00000  5.55%   9.7   90s
 3210335 1888555 2032.75000   80   30 2063.50000 1949.94635  5.50%   9.8   95s
 3361993 1969087 2044.75000   78   40 2063.50000 1950.91511  5.46%   9.8  100s
 3512388 2054165 2032.03371   99   51 2063.50000 1951.83333  5.41%   9.8  105s
 3654190 2127820 1973.93040   68   68 2063.50000 1952.61034  5.37%   9.8  110s
 3805364 2211404 2007.95000   80   38 2063.50000 1953.50000  5.33%   9.9  115s
 3952515 2292832 2044.38305   63   19 2063.50000 1954.29363  5.29%   9.9  120s
 4087478 2368746 2027.00000   75   30 2063.50000 1955.00000  5.26%   9.9  125s
 4221327 2438955 1958.47080   66   70 2063.50000 1955.69231  5.22%   9.9  130s
 4362763 2516936 2015.98250   79   37 2063.50000 1956.36649  5.19%   9.9  135s
 4509632 2595582 1999.44982   71   78 2063.50000 1957.02960  5.16%  10.0  140s
 4654195 2672048 2024.64845   77   65 2063.50000 1957.70937  5.13%  10.0  145s
 4799336 2748798 1984.11727   93   49 2063.50000 1958.34917  5.10%  10.0  150s
 4940104 2826731 1983.34229   68   55 2063.50000 1958.98218  5.07%  10.0  155s
 5085127 2904411 2062.82832  108   20 2063.50000 1959.60164  5.04%  10.0  160s
 5224841 2978168 2060.55678   84    9 2063.50000 1960.17320  5.01%  10.0  165s
 5355133 3046354 2009.97059   52   59 2063.50000 1960.68746  4.98%  10.0  170s
 5487765 3116695 2019.41829   56   61 2063.50000 1961.18145  4.96%  10.1  175s
 5613258 3180631 1984.83711   66   59 2063.50000 1961.61815  4.94%  10.1  180s
 5753908 3254216 2011.07530   72   53 2063.50000 1962.13723  4.91%  10.1  185s
 5868124 3315153 1999.77775   79   69 2063.50000 1962.54720  4.89%  10.1  190s
 6004156 3382362 2017.15985   59   60 2063.50000 1963.01108  4.87%  10.1  195s
 6138042 3452137 infeasible   63      2063.50000 1963.49664  4.85%  10.1  200s
 6274176 3521748 2034.00000   73   31 2063.50000 1963.94626  4.82%  10.1  205s
 6411873 3593738 2003.96276   68   60 2063.50000 1964.42404  4.80%  10.1  210s
 6547234 3659956 2006.56754   68   49 2063.50000 1964.85471  4.78%  10.1  215s
 6678755 3726419 2001.99986   74   52 2063.50000 1965.27747  4.76%  10.2  220s
 6813722 3795042 2048.28863   82   75 2063.50000 1965.72620  4.74%  10.2  225s
 6944502 3861542 2029.48127   68   57 2063.50000 1966.11719  4.72%  10.2  230s
 7069930 3926326 2007.48528   58   64 2063.50000 1966.50000  4.70%  10.2  235s
 7197695 3990211     cutoff   71      2063.50000 1966.88899  4.68%  10.2  240s
 7319048 4053481 2029.07243   80   22 2063.50000 1967.24338  4.66%  10.2  245s
 7443330 4116237 2031.96940   83   38 2063.50000 1967.59722  4.65%  10.2  250s
 7567885 4177378 2031.41359   73   40 2063.50000 1967.97176  4.63%  10.2  255s
 7691884 4241720     cutoff   76      2063.50000 1968.30039  4.61%  10.2  260s
 7784835 4287655 1973.47918   58   71 2063.50000 1968.53947  4.60%  10.2  265s
 7910393 4348166 2021.16078   89   41 2063.50000 1968.87765  4.59%  10.2  270s
 8042040 4410605 1984.39275   73   62 2063.50000 1969.25505  4.57%  10.2  275s
 8165041 4471556 2017.27038   60   51 2063.50000 1969.56335  4.55%  10.2  280s
 8291783 4532560 1970.00000   57   48 2063.50000 1969.91822  4.54%  10.3  285s
 8406783 4589855 2043.44884   61   25 2063.50000 1970.19231  4.52%  10.3  290s
 8530312 4650084 2023.00000   59   34 2063.50000 1970.50000  4.51%  10.3  295s
 8655120 4711028 2004.52833   60   58 2063.50000 1970.82114  4.49%  10.3  300s
 8784186 4775268     cutoff  102      2063.50000 1971.11661  4.48%  10.3  305s
 8905952 4831983 2035.76240   76   49 2063.50000 1971.42649  4.46%  10.3  310s
 9029111 4890594 2012.44328   72   49 2063.50000 1971.71429  4.45%  10.3  315s
 9154809 4954534 2038.17981   58   15 2063.50000 1972.00000  4.43%  10.3  320s
 9273821 5012728 2019.32602   63   47 2063.50000 1972.26761  4.42%  10.3  325s
 9386821 5069600 2041.78650   66   38 2063.50000 1972.51129  4.41%  10.3  330s
 9505706 5124405 2059.80586   99   11 2063.50000 1972.78504  4.40%  10.3  335s
 9623322 5181696 2015.89192   83   40 2063.50000 1973.04299  4.38%  10.3  340s
 9746463 5240009 2008.50000   73   26 2063.50000 1973.31417  4.37%  10.3  345s
 9869319 5299633     cutoff  105      2063.50000 1973.55882  4.36%  10.3  350s
 9987543 5353909 1995.92696   56   63 2063.50000 1973.81040  4.35%  10.3  355s
 10109471 5413738     cutoff   74      2063.50000 1974.05084  4.33%  10.3  360s
 10229200 5468875     cutoff   99      2063.50000 1974.30711  4.32%  10.3  365s
 10313901 5506789 2046.18113   99   27 2063.50000 1974.48283  4.31%  10.3  370s
 10424793 5559469 2018.79790   88   44 2063.50000 1974.67961  4.30%  10.3  375s
 10547169 5618440     cutoff   73      2063.50000 1974.94642  4.29%  10.3  380s
 10665958 5676457     cutoff   81      2063.50000 1975.16667  4.28%  10.4  385s
 10782831 5729373 2039.44646   67   49 2063.50000 1975.39903  4.27%  10.4  390s
 10897946 5784578 1983.35415   55   71 2063.50000 1975.62268  4.26%  10.4  395s
 11015262 5841563 2018.42074   58   85 2063.50000 1975.86168  4.25%  10.4  400s
 11133362 5902548 2023.43192   76   56 2063.50000 1976.07009  4.24%  10.4  405s
 11248540 5956691     cutoff   67      2063.50000 1976.30488  4.23%  10.4  410s
 11368990 6012295 2044.68147   80   48 2063.50000 1976.52071  4.22%  10.4  415s
 11484983 6068693 2050.99497   71   50 2063.50000 1976.75047  4.20%  10.4  420s
 11595970 6119687 2023.82982   72   39 2063.50000 1976.97451  4.19%  10.4  425s
 11700215 6169740 2028.47745   97   35 2063.50000 1977.12707  4.19%  10.4  430s
 11813669 6222885 2001.61992   58   57 2063.50000 1977.33541  4.18%  10.4  435s
 11930247 6277980 2043.49927   77   63 2063.50000 1977.52027  4.17%  10.4  440s
 12047955 6333873 2030.88712   68   44 2063.50000 1977.74244  4.16%  10.4  445s
 12167088 6389592 2014.90557   73   44 2063.50000 1977.96821  4.14%  10.4  450s
 12282727 6446345 2010.00000   71   39 2063.50000 1978.15856  4.14%  10.4  455s
 12399208 6500766 2062.45168   78    9 2063.50000 1978.36281  4.13%  10.4  460s
 12512047 6552649     cutoff   93      2063.50000 1978.53487  4.12%  10.4  465s
 12628053 6607279 2002.69432   73   43 2063.50000 1978.73546  4.11%  10.4  470s
 12698555 6641223 2017.24587   77   55 2063.50000 1978.85949  4.10%  10.4  475s
 12820384 6695044     cutoff   60      2063.50000 1979.05474  4.09%  10.4  480s
 12938581 6749498 1996.79911   69   61 2063.50000 1979.25154  4.08%  10.4  485s
 13054734 6802159 2044.15238   74   43 2063.50000 1979.45563  4.07%  10.4  490s
 13168294 6853776 2051.61012   83   54 2063.50000 1979.60784  4.07%  10.4  495s
 13279828 6905497 2025.26716   74   72 2063.50000 1979.79167  4.06%  10.4  500s
 13393288 6957641 2002.14850   67   47 2063.50000 1979.98094  4.05%  10.4  505s
 13500257 7007954 2056.19356   78   20 2063.50000 1980.12661  4.04%  10.4  510s
 13608067 7054959 2008.27624   78   23 2063.50000 1980.29247  4.03%  10.4  515s
 13718339 7105399 2056.86696   82   47 2063.50000 1980.47011  4.02%  10.4  520s
 13821358 7152631 1984.03772   63   51 2063.50000 1980.59546  4.02%  10.5  525s
 13925707 7198652     cutoff   90      2063.50000 1980.75401  4.01%  10.5  530s
 14027050 7246547 2004.52439   67   82 2063.50000 1980.90121  4.00%  10.5  535s
 14131200 7293200 2018.77813   64   83 2063.50000 1981.03745  4.00%  10.5  540s
 14243993 7344131 1984.41753   54   43 2063.50000 1981.21279  3.99%  10.5  545s
 14355672 7392946 2016.76333   77   43 2063.50000 1981.38643  3.98%  10.5  550s
 14463782 7443101 1984.90079   73   53 2063.50000 1981.52418  3.97%  10.5  555s
 14581986 7500061 2018.41568   76   56 2063.50000 1981.70470  3.96%  10.5  560s
 14690415 7549106 2028.13983   72   39 2063.50000 1981.86482  3.96%  10.5  565s
 14793254 7598154 2015.37471   77   60 2063.50000 1982.00000  3.95%  10.5  570s
 14901843 7648624 2026.18507   62   51 2063.50000 1982.14284  3.94%  10.5  575s
 15018711 7700528 2015.88609   75   39 2063.50000 1982.31309  3.93%  10.5  580s
 15129159 7751354 2030.04649   73   47 2063.50000 1982.47142  3.93%  10.5  585s
 15240546 7802397 2009.62481   74   57 2063.50000 1982.60545  3.92%  10.5  590s
 15331489 7843516 2019.90760   73   31 2063.50000 1982.73436  3.91%  10.5  595s
 15440011 7893491 2009.03668   86   60 2063.50000 1982.89463  3.91%  10.5  600s
 15547351 7945522 2038.32517   71   41 2063.50000 1983.02568  3.90%  10.5  605s
 15647934 7988977 2039.33153   66   48 2063.50000 1983.15844  3.89%  10.5  610s
 15752613 8036499 2019.47726   64   62 2063.50000 1983.30116  3.89%  10.5  615s
 15855253 8086978 1983.83333   68   46 2063.50000 1983.43599  3.88%  10.5  620s
 15960352 8135473     cutoff   75      2063.50000 1983.54201  3.87%  10.5  625s
 16059320 8183142 2041.78875   72   32 2063.50000 1983.67207  3.87%  10.5  630s
 16149198 8227528 2021.03481   82   51 2063.50000 1983.79194  3.86%  10.5  635s
 16268638 8279588 2046.39500   78   46 2063.50000 1983.95077  3.86%  10.5  640s
 16372323 8326909 2010.43421   85   56 2063.50000 1984.06235  3.85%  10.5  645s
 16479789 8377772 2019.96977   72   80 2063.50000 1984.20426  3.84%  10.5  650s
 16595734 8428079 2043.99479   75   11 2063.50000 1984.35308  3.84%  10.5  655s
 16704214 8477165 infeasible   85      2063.50000 1984.49486  3.83%  10.5  660s
 16810418 8524639 2034.98993   79   42 2063.50000 1984.59679  3.82%  10.5  665s
 16913869 8570612 1989.76197   62   72 2063.50000 1984.72602  3.82%  10.5  670s
 17020619 8618487 2001.04054   62   37 2063.50000 1984.85895  3.81%  10.5  675s
 17109711 8659120 2023.00000   67   30 2063.50000 1984.97473  3.81%  10.5  680s
 17205242 8700922 2033.45704   85   37 2063.50000 1985.06658  3.80%  10.5  685s
 17312198 8750954 2011.79909   53   42 2063.50000 1985.20317  3.79%  10.5  690s
 17416024 8799070 2028.80065   75   48 2063.50000 1985.33079  3.79%  10.5  695s
 17523695 8844656 1990.53139   63   63 2063.50000 1985.46008  3.78%  10.5  700s
 17628175 8891707 2032.49996   74   34 2063.50000 1985.56329  3.78%  10.5  705s
 17738398 8942023     cutoff   88      2063.50000 1985.69282  3.77%  10.5  710s
 17830052 8982766     cutoff   80      2063.50000 1985.79995  3.77%  10.5  715s
 17933510 9027513 2004.72337   69   56 2063.50000 1985.92024  3.76%  10.5  720s
 18036453 9073331 infeasible   93      2063.50000 1986.01352  3.76%  10.5  725s
 18135544 9118945 2011.93975   80   55 2063.50000 1986.12550  3.75%  10.5  730s
 18242702 9167706 2021.56857   59   73 2063.50000 1986.25000  3.74%  10.5  735s
 18340456 9213213 2026.66793   75   37 2063.50000 1986.36580  3.74%  10.5  740s
 18436634 9256936 2029.40579   82   32 2063.50000 1986.47874  3.73%  10.6  745s
 18523326 9295286 2011.41782   81   58 2063.50000 1986.55405  3.73%  10.6  750s
 18611821 9334095 infeasible   90      2063.50000 1986.65496  3.72%  10.6  755s
 18701702 9376314 2027.90644   84   51 2063.50000 1986.75841  3.72%  10.6  760s
 18789146 9414805 2019.17138   64   89 2063.50000 1986.85825  3.71%  10.6  765s
 18874883 9451595 1989.61568   81   70 2063.50000 1986.94496  3.71%  10.6  770s
 18974196 9497073 infeasible   80      2063.50000 1987.03915  3.71%  10.6  775s
 19072429 9539752 2034.56868   71   35 2063.50000 1987.14974  3.70%  10.6  780s
 19172607 9583718 2053.38297   81   29 2063.50000 1987.25714  3.69%  10.6  785s
 19277001 9629472 2007.30328   73   35 2063.50000 1987.37410  3.69%  10.6  790s
 19376072 9673946     cutoff   64      2063.50000 1987.48971  3.68%  10.6  795s
 19476316 9715955 2035.00000   55   17 2063.50000 1987.57439  3.68%  10.6  800s
 19575453 9758708 2044.21141   75   56 2063.50000 1987.67827  3.67%  10.6  805s
 19678264 9804658 2038.74934   65   45 2063.50000 1987.79096  3.67%  10.6  810s
 19780789 9849642 2043.41717   82   24 2063.50000 1987.90294  3.66%  10.6  815s
 19876940 9892923 2027.66918   85   36 2063.50000 1988.00000  3.66%  10.6  820s
 19975241 9935456 2015.32653   59   53 2063.50000 1988.08705  3.65%  10.6  825s
 20080867 9983435 2025.92969   78   43 2063.50000 1988.19842  3.65%  10.6  830s
 20161645 10018670     cutoff   64      2063.50000 1988.28391  3.65%  10.6  835s
 20269189 10066389 2025.78064   74   38 2063.50000 1988.39719  3.64%  10.6  840s
 20368133 10109079 2028.46053   71   42 2063.50000 1988.50000  3.63%  10.6  845s
 20466037 10151616 2043.42343   67   38 2063.50000 1988.58479  3.63%  10.6  850s
 20563713 10196906 2028.68217   84   38 2063.50000 1988.68797  3.63%  10.6  855s
 20660133 10238040 2022.90463   61   42 2063.50000 1988.78619  3.62%  10.6  860s
 20739153 10272207 2049.46921  101   14 2063.50000 1988.86513  3.62%  10.6  865s
 20832808 10312143 2018.58870   76   40 2063.50000 1988.96184  3.61%  10.6  870s
 20926401 10351325 2031.66726   74   33 2063.50000 1989.03370  3.61%  10.6  875s
 21026022 10395556 2030.43532   64   50 2063.50000 1989.13636  3.60%  10.6  880s
 21122608 10438728 2048.46188   96   35 2063.50000 1989.23612  3.60%  10.6  885s
 21220056 10479410 2031.64270   63   45 2063.50000 1989.33333  3.59%  10.6  890s
 21311875 10519001 2009.89451   76   56 2063.50000 1989.42615  3.59%  10.6  895s
 21403502 10558618 infeasible   88      2063.50000 1989.50000  3.59%  10.6  900s
 21504954 10601243 infeasible   76      2063.50000 1989.59534  3.58%  10.6  905s
 21594868 10641965 2037.42043   66   73 2063.50000 1989.68653  3.58%  10.6  910s
 21699201 10685260 2010.36370   77   24 2063.50000 1989.78933  3.57%  10.6  915s
 21795467 10727287 1993.10628   69   64 2063.50000 1989.88491  3.57%  10.6  920s
 21889577 10767734 2032.73569   73   30 2063.50000 1989.97658  3.56%  10.6  925s
 21991098 10813162 2051.63091   86   22 2063.50000 1990.05554  3.56%  10.6  930s
 22087719 10855068     cutoff   86      2063.50000 1990.15097  3.55%  10.7  935s
 22178753 10895018 2062.32072   87   17 2063.50000 1990.23659  3.55%  10.7  940s
 22275618 10937740 2028.09692   80   27 2063.50000 1990.32923  3.55%  10.7  945s
 22366251 10976885 1998.66924   58   82 2063.50000 1990.41870  3.54%  10.7  950s
 22461984 11016690 2011.50000   75   24 2063.50000 1990.50000  3.54%  10.7  955s
 22551208 11055711 2029.92479   75   42 2063.50000 1990.57487  3.53%  10.7  960s
 22639070 11095395 2037.81113   75   50 2063.50000 1990.65766  3.53%  10.7  965s
 22732054 11136946 2060.62115   76   39 2063.50000 1990.74685  3.53%  10.7  970s
 22789182 11161563 2006.00000   81   48 2063.50000 1990.79987  3.52%  10.7  975s
 22876792 11198577 2026.00973   49   55 2063.50000 1990.88033  3.52%  10.7  980s
 22966777 11237794 2004.32983   87   50 2063.50000 1990.96788  3.52%  10.7  985s
 23047643 11271369 2022.53449   91   39 2063.50000 1991.02220  3.51%  10.7  990s
 23131701 11304177 2028.50000   77   31 2063.50000 1991.09953  3.51%  10.7  995s
 23221464 11342605 2032.55587   71   41 2063.50000 1991.18274  3.50%  10.7 1000s
 23304733 11378484 2024.97874   70   48 2063.50000 1991.26118  3.50%  10.7 1005s
 23384633 11412440 2042.29458   64   45 2063.50000 1991.33435  3.50%  10.7 1010s
 23471390 11450665 2050.88585   93   23 2063.50000 1991.42062  3.49%  10.7 1015s
 23557156 11487801 2061.32059   93   23 2063.50000 1991.49714  3.49%  10.7 1020s
 23646071 11526940 2054.34072   91   23 2063.50000 1991.55172  3.49%  10.7 1025s
 23737517 11565409     cutoff   92      2063.50000 1991.64095  3.48%  10.7 1030s
 23831659 11606565     cutoff   76      2063.50000 1991.72466  3.48%  10.7 1035s
 23924917 11647503 infeasible   73      2063.50000 1991.81047  3.47%  10.7 1040s
 24018206 11689034 2031.75497   78   82 2063.50000 1991.89905  3.47%  10.7 1045s
 24111570 11727722     cutoff   63      2063.50000 1991.98817  3.47%  10.7 1050s
 24206180 11768167 1996.17881   86   45 2063.50000 1992.05262  3.46%  10.7 1055s
 24298441 11806237 2056.50000   82   19 2063.50000 1992.13430  3.46%  10.7 1060s
 24390939 11846627 2038.27746   88   32 2063.50000 1992.21632  3.45%  10.7 1065s
 24478658 11883869 2046.41196   82   46 2063.50000 1992.29432  3.45%  10.7 1070s
 24564327 11919682 2033.56891   67   12 2063.50000 1992.36957  3.45%  10.7 1075s
 24633373 11950601     cutoff   68      2063.50000 1992.43243  3.44%  10.7 1080s
 24719424 11987314 infeasible   90      2063.50000 1992.50000  3.44%  10.7 1085s
 24808653 12025054 2046.11523   66   55 2063.50000 1992.56324  3.44%  10.7 1090s
 24902657 12064554 2043.58721   78   34 2063.50000 1992.64121  3.43%  10.7 1095s
 24996884 12106673     cutoff   57      2063.50000 1992.72195  3.43%  10.7 1100s
 25083319 12143602 2047.72039   74   44 2063.50000 1992.79846  3.43%  10.7 1105s
 25162773 12177871 2054.69886   76   24 2063.50000 1992.86370  3.42%  10.7 1110s
 25246455 12213972 2051.47039   61   24 2063.50000 1992.93845  3.42%  10.7 1115s
 25331636 12247537 1993.59096   65   54 2063.50000 1993.00000  3.42%  10.7 1120s
 25409274 12280386 2001.02893   57   59 2063.50000 1993.06228  3.41%  10.7 1125s
 25495166 12316293     cutoff   74      2063.50000 1993.13700  3.41%  10.7 1130s
 25570370 12348371     cutoff  100      2063.50000 1993.20128  3.41%  10.7 1135s
 25651465 12383005 2043.15136   86   49 2063.50000 1993.26861  3.40%  10.7 1140s
 25725471 12415790 2033.20000   69   27 2063.50000 1993.33156  3.40%  10.7 1145s
 25816185 12453449 2024.89051   67   46 2063.50000 1993.40762  3.40%  10.7 1150s
 25905538 12491496 infeasible   61      2063.50000 1993.48721  3.39%  10.7 1155s
 25976972 12521238 2045.88826   72   25 2063.50000 1993.52366  3.39%  10.7 1160s
 26067423 12559510 2036.52314   80   43 2063.50000 1993.59965  3.39%  10.8 1165s
 26157638 12597628 2056.13546   77   44 2063.50000 1993.67316  3.38%  10.8 1170s
 26252786 12637954 2036.58869   86   48 2063.50000 1993.75510  3.38%  10.8 1175s
 26341122 12676114     cutoff   81      2063.50000 1993.83301  3.38%  10.8 1180s
 26433912 12714214 2025.41208   73   41 2063.50000 1993.91369  3.37%  10.8 1185s
 26524122 12753263     cutoff   69      2063.50000 1993.99481  3.37%  10.8 1190s
 26600397 12784381 2046.46317   81   50 2063.50000 1994.03631  3.37%  10.8 1195s
 26670732 12815015 2022.63597   80   71 2063.50000 1994.09543  3.36%  10.8 1200s
 26762818 12853931 2010.89404   80   67 2063.50000 1994.17008  3.36%  10.8 1205s
 26852975 12893871 2031.85986   73   77 2063.50000 1994.24684  3.36%  10.8 1210s
 26942357 12930362 2056.53071   81   24 2063.50000 1994.32065  3.35%  10.8 1215s
 27030156 12968133     cutoff   68      2063.50000 1994.39332  3.35%  10.8 1220s
 27120817 13006877 2024.75296   77   47 2063.50000 1994.47054  3.35%  10.8 1225s
 27207666 13040880 2046.00000   79   14 2063.50000 1994.51439  3.34%  10.8 1230s
 27292154 13075891 2044.40813   75   18 2063.50000 1994.58429  3.34%  10.8 1235s
 27383789 13113097 2054.03245   94   27 2063.50000 1994.65647  3.34%  10.8 1240s
 27467098 13148314 2054.19243   68   65 2063.50000 1994.72092  3.33%  10.8 1245s
 27546495 13182541 2036.69246   88   37 2063.50000 1994.78386  3.33%  10.8 1250s
 27630886 13215710 2003.18059   68   39 2063.50000 1994.85841  3.33%  10.8 1255s
 27712014 13249753 2062.60914  116   21 2063.50000 1994.92630  3.32%  10.8 1260s
 27799708 13285279 2030.50849   79   41 2063.50000 1994.99971  3.32%  10.8 1265s
 27876715 13314383 2050.27718   68   35 2063.50000 1995.03602  3.32%  10.8 1270s
 27964676 13351525 2018.30018   59   41 2063.50000 1995.10983  3.31%  10.8 1275s
 28048200 13387348 infeasible   76      2063.50000 1995.17409  3.31%  10.8 1280s
 28144165 13427450 2038.50000   90   15 2063.50000 1995.24923  3.31%  10.8 1285s
 28230734 13463663 2010.89939   65   60 2063.50000 1995.31981  3.30%  10.8 1290s
 28319691 13499134 2029.78333   82   39 2063.50000 1995.39223  3.30%  10.8 1295s
 28396260 13529755     cutoff   89      2063.50000 1995.45560  3.30%  10.8 1300s
 28484637 13565442 2052.17295   68   44 2063.50000 1995.50356  3.30%  10.8 1305s
 28549521 13592757 2040.34213   85   32 2063.50000 1995.55251  3.29%  10.8 1310s
 28649068 13634577     cutoff   87      2063.50000 1995.63120  3.29%  10.8 1315s
 28732666 13669117 2038.35433   70   45 2063.50000 1995.69824  3.29%  10.8 1320s
 28824916 13707020 2027.04771   86   48 2063.50000 1995.77035  3.28%  10.8 1325s
 28911825 13742981 2046.62460   56   55 2063.50000 1995.83877  3.28%  10.8 1330s
 28999601 13780765 2036.61645   78   33 2063.50000 1995.90852  3.28%  10.8 1335s
 29085987 13816874 1999.19756   80   49 2063.50000 1995.97977  3.27%  10.8 1340s
 29171426 13850994 2053.58118   65   40 2063.50000 1996.02265  3.27%  10.8 1345s
 29256336 13886457 2017.81694   72   70 2063.50000 1996.08622  3.27%  10.8 1350s
 29347472 13922927     cutoff   94      2063.50000 1996.15801  3.26%  10.8 1355s
 29430192 13958475 2040.63857   68   24 2063.50000 1996.21900  3.26%  10.8 1360s
 29512839 13992765 2044.81394   65   22 2063.50000 1996.28092  3.26%  10.8 1365s
 29601397 14028215 2030.92546   68   68 2063.50000 1996.34799  3.25%  10.8 1370s
 29685798 14060988 2042.22262   87   56 2063.50000 1996.41415  3.25%  10.8 1375s
 29768356 14096102     cutoff   73      2063.50000 1996.47835  3.25%  10.8 1380s
 29843985 14124410     cutoff   83      2063.50000 1996.51378  3.25%  10.8 1385s
 29924154 14157686     cutoff   94      2063.50000 1996.57692  3.24%  10.8 1390s
 30012613 14194359 2035.89538   69   37 2063.50000 1996.64648  3.24%  10.8 1395s
 30071852 14218470 2038.00606   71   41 2063.50000 1996.68996  3.24%  10.8 1400s
 30153901 14254854 infeasible   64      2063.50000 1996.75002  3.23%  10.8 1405s
 30227847 14285755     cutoff   85      2063.50000 1996.80822  3.23%  10.9 1410s
 30315062 14320037 2052.84733   90   43 2063.50000 1996.87485  3.23%  10.9 1415s
 30393911 14350871 2028.55868   61   58 2063.50000 1996.93485  3.23%  10.9 1420s
 30479805 14386354 2010.72622   63   38 2063.50000 1997.00000  3.22%  10.9 1425s
 30558312 14416252     cutoff   60      2063.50000 1997.03730  3.22%  10.9 1430s
 30642067 14449976     cutoff   96      2063.50000 1997.10006  3.22%  10.9 1435s
 30714046 14483178 2027.69996   63   48 2063.50000 1997.15316  3.22%  10.9 1440s
 30806871 14517539 2011.77261   67   79 2063.50000 1997.22278  3.21%  10.9 1445s
 30886496 14550420 2013.55267   70   77 2063.50000 1997.28173  3.21%  10.9 1450s
 30968312 14583036 2042.44290   62   58 2063.50000 1997.34255  3.21%  10.9 1455s
 31055819 14618716 2026.63348   69   62 2063.50000 1997.40902  3.20%  10.9 1460s
 31138895 14651590 2041.60851   86   10 2063.50000 1997.47422  3.20%  10.9 1465s
 31217188 14681645 2042.75023   65   25 2063.50000 1997.50651  3.20%  10.9 1470s
 31300369 14715241 2034.42242   58   67 2063.50000 1997.57143  3.19%  10.9 1475s
 31385967 14750914 2045.50256   81   41 2063.50000 1997.63479  3.19%  10.9 1480s
 31468594 14783837 2052.96229   63   30 2063.50000 1997.69512  3.19%  10.9 1485s
 31550630 14818920 infeasible   75      2063.50000 1997.75116  3.19%  10.9 1490s
 31637771 14854314 2023.57434   91   63 2063.50000 1997.81850  3.18%  10.9 1495s
 31701840 14879754 2003.40965   72   70 2063.50000 1997.86402  3.18%  10.9 1500s
 31785127 14913186 2037.33760   73   44 2063.50000 1997.92888  3.18%  10.9 1505s
 31867622 14946902 2042.40958   85   41 2063.50000 1997.99265  3.17%  10.9 1510s
 31941884 14975008 2039.52520   95   27 2063.50000 1998.02322  3.17%  10.9 1515s
 32026523 15009514     cutoff   91      2063.50000 1998.08505  3.17%  10.9 1520s
 32108294 15043147     cutoff   82      2063.50000 1998.14634  3.17%  10.9 1525s
 32191467 15076228 2030.58333   78   32 2063.50000 1998.20461  3.16%  10.9 1530s
 32273751 15108815 2043.84810   72   31 2063.50000 1998.26580  3.16%  10.9 1535s
 32353291 15141038 2049.94538   76   51 2063.50000 1998.32365  3.16%  10.9 1540s
 32436071 15175347 2036.17869   82   38 2063.50000 1998.38516  3.16%  10.9 1545s
 32514689 15207170 2031.74737   62   43 2063.50000 1998.44407  3.15%  10.9 1550s
 32591291 15238340 2027.64515   71   76 2063.50000 1998.50000  3.15%  10.9 1555s
 32671276 15267924     cutoff   72      2063.50000 1998.53591  3.15%  10.9 1560s
 32748839 15298772 2049.12309   71   59 2063.50000 1998.59440  3.15%  10.9 1565s
 32831430 15330910 2004.75376   97   56 2063.50000 1998.65286  3.14%  10.9 1570s
 32910689 15361635 2033.08731   74   61 2063.50000 1998.70748  3.14%  10.9 1575s
 32992938 15392579 2031.00877   67   75 2063.50000 1998.76314  3.14%  10.9 1580s
 33065774 15421343 2038.14395   69   71 2063.50000 1998.81378  3.13%  10.9 1585s
 33145914 15454566 2046.18175   69   60 2063.50000 1998.87148  3.13%  10.9 1590s
 33223264 15484857 2031.30186   59   37 2063.50000 1998.92673  3.13%  10.9 1595s
 33299331 15514784 2031.00000   62   32 2063.50000 1998.98208  3.13%  10.9 1600s
 33367242 15539743 2023.94478   60   38 2063.50000 1999.00000  3.13%  10.9 1605s
 33432004 15564941 2042.94535   56   54 2063.50000 1999.04154  3.12%  10.9 1610s
 33512261 15598173 2037.21703   85   28 2063.50000 1999.09927  3.12%  10.9 1615s
 33592051 15628496 2001.31148   76   59 2063.50000 1999.15250  3.12%  10.9 1620s
 33672501 15661951 2028.16752   76   47 2063.50000 1999.20854  3.12%  10.9 1625s
 33749672 15692973 2039.32931   76   53 2063.50000 1999.25995  3.11%  10.9 1630s
 33828795 15724597 2049.41762   86   25 2063.50000 1999.31501  3.11%  10.9 1635s
 33905427 15755446     cutoff  104      2063.50000 1999.37000  3.11%  10.9 1640s
 33979644 15784109 2039.18335   86   28 2063.50000 1999.42154  3.11%  10.9 1645s
 34062427 15815710 2046.61004   84   48 2063.50000 1999.48411  3.10%  10.9 1650s
 34133240 15841845 2033.03190   71   50 2063.50000 1999.50425  3.10%  11.0 1655s
 34211740 15872616 2046.47433   56   34 2063.50000 1999.56286  3.10%  11.0 1660s
 34289468 15903700 2057.76277   87   16 2063.50000 1999.61838  3.10%  11.0 1665s
 34372103 15935447 2027.21242   76   35 2063.50000 1999.67398  3.09%  11.0 1670s
 34424449 15957770 2055.34315   79   28 2063.50000 1999.70650  3.09%  11.0 1675s
 34514351 15991365 2029.30549   54   44 2063.50000 1999.76412  3.09%  11.0 1680s
 34594759 16021337 2057.16804  109   17 2063.50000 1999.81974  3.09%  11.0 1685s
 34671589 16049843 2055.27977   54   45 2063.50000 1999.87341  3.08%  11.0 1690s
 34750859 16081963 2035.50000   76   15 2063.50000 1999.92937  3.08%  11.0 1695s
 34833553 16115559 2049.14555   79   40 2063.50000 1999.98992  3.08%  11.0 1700s
 34913379 16145052 2056.26451   75   27 2063.50000 2000.01853  3.08%  11.0 1705s
 34985752 16174317 2028.08727   93   55 2063.50000 2000.07153  3.07%  11.0 1710s
 35071643 16210889 2022.64231   73   52 2063.50000 2000.13132  3.07%  11.0 1715s
slurmstepd-servlgi2atech3epoly: error: *** JOB 71 ON servlgi2atech3epoly CANCELLED AT 2025-12-09T14:12:20 ***
